Determining if the pthread_create exist failed with the following output:
Change Dir: /home/zft/workspace/src/beginner_tutorials/build/catkin_tools_prebuild/CMakeFiles/CMakeTmp

Run Build Command:"/usr/bin/make" "cmTC_fea8f/fast"
/usr/bin/make -f CMakeFiles/cmTC_fea8f.dir/build.make CMakeFiles/cmTC_fea8f.dir/build
make[1]: Entering directory '/home/zft/workspace/src/beginner_tutorials/build/catkin_tools_prebuild/CMakeFiles/CMakeTmp'
Building C object CMakeFiles/cmTC_fea8f.dir/CheckSymbolExists.c.o
/usr/bin/cc     -o CMakeFiles/cmTC_fea8f.dir/CheckSymbolExists.c.o   -c /home/zft/workspace/src/beginner_tutorials/build/catkin_tools_prebuild/CMakeFiles/CMakeTmp/CheckSymbolExists.c
Linking C executable cmTC_fea8f
/usr/bin/cmake -E cmake_link_script CMakeFiles/cmTC_fea8f.dir/link.txt --verbose=1
/usr/bin/cc       CMakeFiles/cmTC_fea8f.dir/CheckSymbolExists.c.o  -o cmTC_fea8f -rdynamic 
CMakeFiles/cmTC_fea8f.dir/CheckSymbolExists.c.o: In function `main':
CheckSymbolExists.c:(.text+0x16): undefined reference to `pthread_create'
collect2: error: ld returned 1 exit status
CMakeFiles/cmTC_fea8f.dir/build.make:97: recipe for target 'cmTC_fea8f' failed
make[1]: *** [cmTC_fea8f] Error 1
make[1]: Leaving directory '/home/zft/workspace/src/beginner_tutorials/build/catkin_tools_prebuild/CMakeFiles/CMakeTmp'
Makefile:126: recipe for target 'cmTC_fea8f/fast' failed
make: *** [cmTC_fea8f/fast] Error 2

File /home/zft/workspace/src/beginner_tutorials/build/catkin_tools_prebuild/CMakeFiles/CMakeTmp/CheckSymbolExists.c:
/* */
#include <pthread.h>

int main(int argc, char** argv)
{
  (void)argv;
#ifndef pthread_create
  return ((int*)(&pthread_create))[argc];
#else
  (void)argc;
  return 0;
#endif
}

Determining if the function pthread_create exists in the pthreads failed with the following output:
Change Dir: /home/zft/workspace/src/beginner_tutorials/build/catkin_tools_prebuild/CMakeFiles/CMakeTmp

Run Build Command:"/usr/bin/make" "cmTC_2bc89/fast"
/usr/bin/make -f CMakeFiles/cmTC_2bc89.dir/build.make CMakeFiles/cmTC_2bc89.dir/build
make[1]: Entering directory '/home/zft/workspace/src/beginner_tutorials/build/catkin_tools_prebuild/CMakeFiles/CMakeTmp'
Building C object CMakeFiles/cmTC_2bc89.dir/CheckFunctionExists.c.o
/usr/bin/cc    -DCHECK_FUNCTION_EXISTS=pthread_create   -o CMakeFiles/cmTC_2bc89.dir/CheckFunctionExists.c.o   -c /usr/share/cmake-3.5/Modules/CheckFunctionExists.c
Linking C executable cmTC_2bc89
/usr/bin/cmake -E cmake_link_script CMakeFiles/cmTC_2bc89.dir/link.txt --verbose=1
/usr/bin/cc   -DCHECK_FUNCTION_EXISTS=pthread_create    CMakeFiles/cmTC_2bc89.dir/CheckFunctionExists.c.o  -o cmTC_2bc89 -rdynamic -lpthreads 
/usr/bin/ld: cannot find -lpthreads
collect2: error: ld returned 1 exit status
CMakeFiles/cmTC_2bc89.dir/build.make:97: recipe for target 'cmTC_2bc89' failed
make[1]: *** [cmTC_2bc89] Error 1
make[1]: Leaving directory '/home/zft/workspace/src/beginner_tutorials/build/catkin_tools_prebuild/CMakeFiles/CMakeTmp'
Makefile:126: recipe for target 'cmTC_2bc89/fast' failed
make: *** [cmTC_2bc89/fast] Error 2


