Determining if the pthread_create exist failed with the following output:
Change Dir: /home/zft/workspace/build/multi_offboard/CMakeFiles/CMakeTmp

Run Build Command:"/usr/bin/make" "cmTC_6615c/fast"
/usr/bin/make -f CMakeFiles/cmTC_6615c.dir/build.make CMakeFiles/cmTC_6615c.dir/build
make[1]: Entering directory '/home/zft/workspace/build/multi_offboard/CMakeFiles/CMakeTmp'
Building C object CMakeFiles/cmTC_6615c.dir/CheckSymbolExists.c.o
/usr/bin/cc     -o CMakeFiles/cmTC_6615c.dir/CheckSymbolExists.c.o   -c /home/zft/workspace/build/multi_offboard/CMakeFiles/CMakeTmp/CheckSymbolExists.c
Linking C executable cmTC_6615c
/usr/bin/cmake -E cmake_link_script CMakeFiles/cmTC_6615c.dir/link.txt --verbose=1
/usr/bin/cc       CMakeFiles/cmTC_6615c.dir/CheckSymbolExists.c.o  -o cmTC_6615c -rdynamic 
CMakeFiles/cmTC_6615c.dir/CheckSymbolExists.c.o: In function `main':
CheckSymbolExists.c:(.text+0x16): undefined reference to `pthread_create'
collect2: error: ld returned 1 exit status
CMakeFiles/cmTC_6615c.dir/build.make:97: recipe for target 'cmTC_6615c' failed
make[1]: *** [cmTC_6615c] Error 1
make[1]: Leaving directory '/home/zft/workspace/build/multi_offboard/CMakeFiles/CMakeTmp'
Makefile:126: recipe for target 'cmTC_6615c/fast' failed
make: *** [cmTC_6615c/fast] Error 2

File /home/zft/workspace/build/multi_offboard/CMakeFiles/CMakeTmp/CheckSymbolExists.c:
/* */
#include <pthread.h>

int main(int argc, char** argv)
{
  (void)argv;
#ifndef pthread_create
  return ((int*)(&pthread_create))[argc];
#else
  (void)argc;
  return 0;
#endif
}

Determining if the function pthread_create exists in the pthreads failed with the following output:
Change Dir: /home/zft/workspace/build/multi_offboard/CMakeFiles/CMakeTmp

Run Build Command:"/usr/bin/make" "cmTC_859ce/fast"
/usr/bin/make -f CMakeFiles/cmTC_859ce.dir/build.make CMakeFiles/cmTC_859ce.dir/build
make[1]: Entering directory '/home/zft/workspace/build/multi_offboard/CMakeFiles/CMakeTmp'
Building C object CMakeFiles/cmTC_859ce.dir/CheckFunctionExists.c.o
/usr/bin/cc    -DCHECK_FUNCTION_EXISTS=pthread_create   -o CMakeFiles/cmTC_859ce.dir/CheckFunctionExists.c.o   -c /usr/share/cmake-3.5/Modules/CheckFunctionExists.c
Linking C executable cmTC_859ce
/usr/bin/cmake -E cmake_link_script CMakeFiles/cmTC_859ce.dir/link.txt --verbose=1
/usr/bin/cc   -DCHECK_FUNCTION_EXISTS=pthread_create    CMakeFiles/cmTC_859ce.dir/CheckFunctionExists.c.o  -o cmTC_859ce -rdynamic -lpthreads 
/usr/bin/ld: cannot find -lpthreads
collect2: error: ld returned 1 exit status
CMakeFiles/cmTC_859ce.dir/build.make:97: recipe for target 'cmTC_859ce' failed
make[1]: *** [cmTC_859ce] Error 1
make[1]: Leaving directory '/home/zft/workspace/build/multi_offboard/CMakeFiles/CMakeTmp'
Makefile:126: recipe for target 'cmTC_859ce/fast' failed
make: *** [cmTC_859ce/fast] Error 2


